c:\users\valde\onedrive\escritorio\scriptcreator+glfess\gfless proyect\gflessdll\gflessdll\release\vc143.pdb
c:\users\valde\onedrive\escritorio\scriptcreator+glfess\gfless proyect\gflessdll\gflessdll\release\gflessdllexports.obj
c:\users\valde\onedrive\escritorio\scriptcreator+glfess\gfless proyect\gflessdll\gflessdll\release\patternscanner.obj
c:\users\valde\onedrive\escritorio\scriptcreator+glfess\gfless proyect\gflessdll\gflessdll\release\nosmalldisabler.obj
c:\users\valde\onedrive\escritorio\scriptcreator+glfess\gfless proyect\gflessdll\gflessdll\release\hook.obj
c:\users\valde\onedrive\escritorio\scriptcreator+glfess\gfless proyect\gflessdll\gflessdll\release\tntnewserverselectwidget2.obj
c:\users\valde\onedrive\escritorio\scriptcreator+glfess\gfless proyect\gflessdll\gflessdll\release\tlbswidgetlist.obj
c:\users\valde\onedrive\escritorio\scriptcreator+glfess\gfless proyect\gflessdll\gflessdll\release\tlbswidget.obj
c:\users\valde\onedrive\escritorio\scriptcreator+glfess\gfless proyect\gflessdll\gflessdll\release\tewgraphicbuttonwidget.obj
c:\users\valde\onedrive\escritorio\scriptcreator+glfess\gfless proyect\gflessdll\gflessdll\release\tcharacterselectwidget.obj
c:\users\valde\onedrive\escritorio\scriptcreator+glfess\gfless proyect\gflessdll\gflessdll\release\dllmain.obj
c:\users\valde\onedrive\escritorio\scriptcreator+glfess\gfless proyect\gflessdll\release\gflessdll.dll
c:\users\valde\onedrive\escritorio\scriptcreator+glfess\gfless proyect\gflessdll\release\gflessdll.pdb
c:\users\valde\onedrive\escritorio\scriptcreator+glfess\gfless proyect\gflessdll\release\gflessdll.lib
c:\users\valde\onedrive\escritorio\scriptcreator+glfess\gfless proyect\gflessdll\release\gflessdll.exp
c:\users\valde\onedrive\escritorio\scriptcreator+glfess\gfless proyect\gflessdll\gflessdll\release\gflessdll.ipdb
c:\users\valde\onedrive\escritorio\scriptcreator+glfess\gfless proyect\gflessdll\gflessdll\release\gflessdll.iobj
c:\users\valde\onedrive\escritorio\scriptcreator+glfess\gfless proyect\gflessdll\gflessdll\release\gflessdll.tlog\cl.command.1.tlog
c:\users\valde\onedrive\escritorio\scriptcreator+glfess\gfless proyect\gflessdll\gflessdll\release\gflessdll.tlog\cl.items.tlog
c:\users\valde\onedrive\escritorio\scriptcreator+glfess\gfless proyect\gflessdll\gflessdll\release\gflessdll.tlog\cl.read.1.tlog
c:\users\valde\onedrive\escritorio\scriptcreator+glfess\gfless proyect\gflessdll\gflessdll\release\gflessdll.tlog\cl.write.1.tlog
c:\users\valde\onedrive\escritorio\scriptcreator+glfess\gfless proyect\gflessdll\gflessdll\release\gflessdll.tlog\link.command.1.tlog
c:\users\valde\onedrive\escritorio\scriptcreator+glfess\gfless proyect\gflessdll\gflessdll\release\gflessdll.tlog\link.read.1.tlog
c:\users\valde\onedrive\escritorio\scriptcreator+glfess\gfless proyect\gflessdll\gflessdll\release\gflessdll.tlog\link.secondary.1.tlog
c:\users\valde\onedrive\escritorio\scriptcreator+glfess\gfless proyect\gflessdll\gflessdll\release\gflessdll.tlog\link.write.1.tlog
